<?xml version="1.0" encoding="UTF-8"?>
<!-- Generated by org.testng.reporters.JUnitReportReporter -->
<<<<<<< HEAD
<testsuite hostname="SnehBharti" failures="0" tests="1" name="Test" time="0.007" errors="0" timestamp="2025-04-20T11:22:12 IST" skipped="0">
  <testcase classname="Test" name="m1" time="0.007"/>
=======
<testsuite hostname="LAPTOP-J5HN8HCB" failures="0" tests="1" name="Test" time="0.018" errors="0" timestamp="2025-04-19T11:48:20 IST" skipped="0">
  <testcase classname="Test" name="m1" time="0.018"/>
>>>>>>> 089df10aaa2fb61b8bdc0e604b4d713b0bc6e09c
</testsuite> <!-- Test -->
