<?xml version="1.0" encoding="UTF-8"?>
<!-- Generated by org.testng.reporters.JUnitReportReporter -->
<testsuite hostname="LAPTOP-J5HN8HCB" failures="0" tests="1" name="Test44" time="0.002" errors="0" timestamp="2025-04-19T11:48:20 IST" skipped="0">
  <testcase classname="Test44" name="m1" time="0.002"/>
</testsuite> <!-- Test44 -->
