<?xml version="1.0" encoding="UTF-8"?>
<!-- Generated by org.testng.reporters.JUnitReportReporter -->
<testsuite hostname="SnehBharti" failures="0" tests="1" name="Test1" time="0.005" errors="0" timestamp="2025-04-20T14:43:59 IST" skipped="0">
  <testcase classname="Test1" name="m1" time="0.005"/>
  <system-out/>
</testsuite> <!-- Test1 -->
