<?xml version="1.0" encoding="UTF-8"?>
<!-- Generated by org.testng.reporters.JUnitReportReporter -->
<testsuite hostname="SnehBharti" failures="0" tests="1" name="Test2" time="0.001" errors="0" timestamp="2025-04-20T14:20:51 IST" skipped="0">
  <testcase classname="Test2" name="m1" time="0.001"/>
  <system-out/>
</testsuite> <!-- Test2 -->
