<?xml version="1.0" encoding="UTF-8"?>
<!-- Generated by org.testng.reporters.JUnitReportReporter -->
<testsuite hostname="LAPTOP-J5HN8HCB" failures="0" tests="1" name="Test" time="0.018" errors="0" timestamp="2025-04-19T11:48:20 IST" skipped="0">
  <testcase classname="Test" name="m1" time="0.018"/>
</testsuite> <!-- Test -->
