<?xml version="1.0" encoding="UTF-8"?>
<!-- Generated by org.testng.reporters.JUnitReportReporter -->
<testsuite hostname="SnehBharti" failures="0" tests="1" name="Test" time="0.007" errors="0" timestamp="2025-04-20T11:22:12 IST" skipped="0">
  <testcase classname="Test" name="m1" time="0.007"/>
</testsuite> <!-- Test -->
